{"/Users/2021-x0096/Sync/Hack/frontendweekly/11ty/json-feed.11ty.js": {"path":"/Users/2021-x0096/Sync/Hack/frontendweekly/11ty/json-feed.11ty.js","all":false,"statementMap":{"0":{"start":{"line":1,"column":0},"end":{"line":1,"column":59}},"1":{"start":{"line":2,"column":0},"end":{"line":2,"column":68}},"3":{"start":{"line":4,"column":0},"end":{"line":4,"column":22}},"4":{"start":{"line":5,"column":0},"end":{"line":5,"column":16}},"5":{"start":{"line":6,"column":0},"end":{"line":6,"column":12}},"6":{"start":{"line":7,"column":0},"end":{"line":7,"column":30}},"7":{"start":{"line":8,"column":0},"end":{"line":8,"column":43}},"8":{"start":{"line":9,"column":0},"end":{"line":9,"column":6}},"9":{"start":{"line":10,"column":0},"end":{"line":10,"column":3}},"11":{"start":{"line":12,"column":0},"end":{"line":12,"column":42}},"12":{"start":{"line":13,"column":0},"end":{"line":13,"column":32}},"13":{"start":{"line":14,"column":0},"end":{"line":14,"column":20}},"14":{"start":{"line":15,"column":0},"end":{"line":15,"column":27}},"15":{"start":{"line":16,"column":0},"end":{"line":16,"column":40}},"17":{"start":{"line":18,"column":0},"end":{"line":18,"column":28}},"18":{"start":{"line":19,"column":0},"end":{"line":19,"column":46}},"19":{"start":{"line":20,"column":0},"end":{"line":20,"column":30}},"20":{"start":{"line":21,"column":0},"end":{"line":21,"column":11}},"22":{"start":{"line":23,"column":0},"end":{"line":23,"column":49}},"23":{"start":{"line":24,"column":0},"end":{"line":24,"column":30}},"24":{"start":{"line":25,"column":0},"end":{"line":25,"column":11}},"26":{"start":{"line":27,"column":0},"end":{"line":27,"column":43}},"27":{"start":{"line":28,"column":0},"end":{"line":28,"column":10}},"28":{"start":{"line":29,"column":0},"end":{"line":29,"column":8}},"29":{"start":{"line":30,"column":0},"end":{"line":30,"column":6}},"31":{"start":{"line":32,"column":0},"end":{"line":32,"column":50}},"32":{"start":{"line":33,"column":0},"end":{"line":33,"column":46}},"33":{"start":{"line":34,"column":0},"end":{"line":34,"column":3}},"35":{"start":{"line":36,"column":0},"end":{"line":36,"column":22}},"36":{"start":{"line":37,"column":0},"end":{"line":37,"column":61}},"37":{"start":{"line":38,"column":0},"end":{"line":38,"column":20}},"39":{"start":{"line":40,"column":0},"end":{"line":40,"column":54}},"40":{"start":{"line":41,"column":0},"end":{"line":41,"column":136}},"41":{"start":{"line":42,"column":0},"end":{"line":42,"column":37}},"42":{"start":{"line":43,"column":0},"end":{"line":43,"column":44}},"43":{"start":{"line":44,"column":0},"end":{"line":44,"column":49}},"44":{"start":{"line":45,"column":0},"end":{"line":45,"column":50}},"45":{"start":{"line":46,"column":0},"end":{"line":46,"column":50}},"46":{"start":{"line":47,"column":0},"end":{"line":47,"column":20}},"47":{"start":{"line":48,"column":0},"end":{"line":48,"column":7}},"48":{"start":{"line":49,"column":0},"end":{"line":49,"column":41}},"49":{"start":{"line":50,"column":0},"end":{"line":50,"column":32}},"50":{"start":{"line":51,"column":0},"end":{"line":51,"column":8}},"51":{"start":{"line":52,"column":0},"end":{"line":52,"column":6}},"53":{"start":{"line":54,"column":0},"end":{"line":54,"column":20}},"55":{"start":{"line":56,"column":0},"end":{"line":56,"column":48}},"56":{"start":{"line":57,"column":0},"end":{"line":57,"column":60}},"58":{"start":{"line":59,"column":0},"end":{"line":59,"column":20}},"59":{"start":{"line":60,"column":0},"end":{"line":60,"column":28}},"60":{"start":{"line":61,"column":0},"end":{"line":61,"column":29}},"61":{"start":{"line":62,"column":0},"end":{"line":62,"column":8}},"63":{"start":{"line":64,"column":0},"end":{"line":64,"column":35}},"64":{"start":{"line":65,"column":0},"end":{"line":65,"column":36}},"65":{"start":{"line":66,"column":0},"end":{"line":66,"column":74}},"66":{"start":{"line":67,"column":0},"end":{"line":67,"column":43}},"67":{"start":{"line":68,"column":0},"end":{"line":68,"column":22}},"68":{"start":{"line":69,"column":0},"end":{"line":69,"column":9}},"69":{"start":{"line":70,"column":0},"end":{"line":70,"column":38}},"70":{"start":{"line":71,"column":0},"end":{"line":71,"column":10}},"71":{"start":{"line":72,"column":0},"end":{"line":72,"column":8}},"73":{"start":{"line":74,"column":0},"end":{"line":74,"column":28}},"74":{"start":{"line":75,"column":0},"end":{"line":75,"column":5}},"76":{"start":{"line":77,"column":0},"end":{"line":77,"column":41}},"77":{"start":{"line":78,"column":0},"end":{"line":78,"column":3}},"78":{"start":{"line":79,"column":0},"end":{"line":79,"column":1}}},"s":{"0":1,"1":1,"3":1,"4":1,"5":2,"6":2,"7":2,"8":2,"9":2,"11":1,"12":13,"13":13,"14":13,"15":0,"17":0,"18":0,"19":0,"20":0,"22":0,"23":0,"24":0,"26":0,"27":13,"28":13,"29":13,"31":13,"32":12,"33":13,"35":1,"36":7,"37":7,"39":7,"40":7,"41":7,"42":7,"43":7,"44":7,"45":7,"46":7,"47":7,"48":7,"49":7,"50":7,"51":7,"53":7,"55":7,"56":9,"58":9,"59":9,"60":9,"61":9,"63":9,"64":9,"65":9,"66":9,"67":9,"68":9,"69":9,"70":9,"71":9,"73":9,"74":9,"76":7,"77":7,"78":1},"branchMap":{"0":{"type":"branch","line":5,"loc":{"start":{"line":5,"column":2},"end":{"line":10,"column":3}},"locations":[{"start":{"line":5,"column":2},"end":{"line":10,"column":3}}]},"1":{"type":"branch","line":12,"loc":{"start":{"line":12,"column":2},"end":{"line":34,"column":3}},"locations":[{"start":{"line":12,"column":2},"end":{"line":34,"column":3}}]},"2":{"type":"branch","line":32,"loc":{"start":{"line":32,"column":49},"end":{"line":34,"column":2}},"locations":[{"start":{"line":32,"column":49},"end":{"line":34,"column":2}}]},"3":{"type":"branch","line":36,"loc":{"start":{"line":36,"column":2},"end":{"line":78,"column":3}},"locations":[{"start":{"line":36,"column":2},"end":{"line":78,"column":3}}]},"4":{"type":"branch","line":56,"loc":{"start":{"line":56,"column":47},"end":{"line":75,"column":5}},"locations":[{"start":{"line":56,"column":47},"end":{"line":75,"column":5}}]}},"b":{"0":[2],"1":[13],"2":[12],"3":[7],"4":[9]},"fnMap":{"0":{"name":"data","decl":{"start":{"line":5,"column":2},"end":{"line":10,"column":3}},"loc":{"start":{"line":5,"column":2},"end":{"line":10,"column":3}},"line":5},"1":{"name":"prepareContent","decl":{"start":{"line":12,"column":2},"end":{"line":34,"column":3}},"loc":{"start":{"line":12,"column":2},"end":{"line":34,"column":3}},"line":12},"2":{"name":"eachURL","decl":{"start":{"line":15,"column":17},"end":{"line":28,"column":9}},"loc":{"start":{"line":15,"column":17},"end":{"line":28,"column":9}},"line":15},"3":{"name":"render","decl":{"start":{"line":36,"column":2},"end":{"line":78,"column":3}},"loc":{"start":{"line":36,"column":2},"end":{"line":78,"column":3}},"line":36}},"f":{"0":2,"1":13,"2":0,"3":7}}
,"/Users/2021-x0096/Sync/Hack/frontendweekly/11ty/_collection/collection-postfeed.js": {"path":"/Users/2021-x0096/Sync/Hack/frontendweekly/11ty/_collection/collection-postfeed.js","all":false,"statementMap":{"0":{"start":{"line":1,"column":0},"end":{"line":1,"column":65}},"1":{"start":{"line":2,"column":0},"end":{"line":2,"column":25}},"2":{"start":{"line":3,"column":0},"end":{"line":3,"column":70}},"3":{"start":{"line":4,"column":0},"end":{"line":4,"column":70}},"4":{"start":{"line":5,"column":0},"end":{"line":5,"column":14}},"5":{"start":{"line":6,"column":0},"end":{"line":6,"column":31}},"6":{"start":{"line":7,"column":0},"end":{"line":7,"column":1}}},"s":{"0":1,"1":17,"2":17,"3":17,"4":17,"5":17,"6":17},"branchMap":{"0":{"type":"branch","line":1,"loc":{"start":{"line":1,"column":15},"end":{"line":7,"column":1}},"locations":[{"start":{"line":1,"column":15},"end":{"line":7,"column":1}}]},"1":{"type":"branch","line":3,"loc":{"start":{"line":3,"column":20},"end":{"line":3,"column":69}},"locations":[{"start":{"line":3,"column":20},"end":{"line":3,"column":69}}]},"2":{"type":"branch","line":3,"loc":{"start":{"line":3,"column":47},"end":{"line":3,"column":69}},"locations":[{"start":{"line":3,"column":47},"end":{"line":3,"column":69}}]},"3":{"type":"branch","line":3,"loc":{"start":{"line":3,"column":61},"end":{"line":3,"column":68}},"locations":[{"start":{"line":3,"column":61},"end":{"line":3,"column":68}}]}},"b":{"0":[17],"1":[34],"2":[29],"3":[28]},"fnMap":{"0":{"name":"__vite_ssr_export_default__","decl":{"start":{"line":1,"column":15},"end":{"line":7,"column":1}},"loc":{"start":{"line":1,"column":15},"end":{"line":7,"column":1}},"line":1},"1":{"name":"livePosts","decl":{"start":{"line":3,"column":20},"end":{"line":3,"column":69}},"loc":{"start":{"line":3,"column":20},"end":{"line":3,"column":69}},"line":3}},"f":{"0":17,"1":34}}
,"/Users/2021-x0096/Sync/Hack/frontendweekly/11ty/_collection/collection-posts.js": {"path":"/Users/2021-x0096/Sync/Hack/frontendweekly/11ty/_collection/collection-posts.js","all":false,"statementMap":{"0":{"start":{"line":1,"column":0},"end":{"line":1,"column":48}},"1":{"start":{"line":2,"column":0},"end":{"line":2,"column":25}},"2":{"start":{"line":3,"column":0},"end":{"line":3,"column":70}},"3":{"start":{"line":4,"column":0},"end":{"line":4,"column":10}},"4":{"start":{"line":5,"column":0},"end":{"line":5,"column":64}},"5":{"start":{"line":6,"column":0},"end":{"line":6,"column":14}},"6":{"start":{"line":7,"column":0},"end":{"line":7,"column":1}}},"s":{"0":1,"1":11,"2":11,"3":11,"4":11,"5":11,"6":11},"branchMap":{"0":{"type":"branch","line":1,"loc":{"start":{"line":1,"column":15},"end":{"line":7,"column":1}},"locations":[{"start":{"line":1,"column":15},"end":{"line":7,"column":1}}]},"1":{"type":"branch","line":3,"loc":{"start":{"line":3,"column":20},"end":{"line":3,"column":69}},"locations":[{"start":{"line":3,"column":20},"end":{"line":3,"column":69}}]},"2":{"type":"branch","line":3,"loc":{"start":{"line":3,"column":47},"end":{"line":3,"column":69}},"locations":[{"start":{"line":3,"column":47},"end":{"line":3,"column":69}}]},"3":{"type":"branch","line":3,"loc":{"start":{"line":3,"column":61},"end":{"line":3,"column":68}},"locations":[{"start":{"line":3,"column":61},"end":{"line":3,"column":68}}]}},"b":{"0":[11],"1":[16],"2":[12],"3":[11]},"fnMap":{"0":{"name":"__vite_ssr_export_default__","decl":{"start":{"line":1,"column":15},"end":{"line":7,"column":1}},"loc":{"start":{"line":1,"column":15},"end":{"line":7,"column":1}},"line":1},"1":{"name":"livePosts","decl":{"start":{"line":3,"column":20},"end":{"line":3,"column":69}},"loc":{"start":{"line":3,"column":20},"end":{"line":3,"column":69}},"line":3}},"f":{"0":11,"1":16}}
,"/Users/2021-x0096/Sync/Hack/frontendweekly/11ty/_data/blogroll.js": {"path":"/Users/2021-x0096/Sync/Hack/frontendweekly/11ty/_data/blogroll.js","all":false,"statementMap":{"0":{"start":{"line":1,"column":0},"end":{"line":1,"column":81}},"1":{"start":{"line":2,"column":0},"end":{"line":2,"column":54}},"2":{"start":{"line":3,"column":0},"end":{"line":3,"column":49}},"3":{"start":{"line":4,"column":0},"end":{"line":4,"column":53}},"5":{"start":{"line":6,"column":0},"end":{"line":6,"column":16}},"7":{"start":{"line":8,"column":0},"end":{"line":8,"column":16}},"8":{"start":{"line":9,"column":0},"end":{"line":9,"column":19}},"9":{"start":{"line":10,"column":0},"end":{"line":10,"column":72}},"10":{"start":{"line":11,"column":0},"end":{"line":11,"column":32}},"11":{"start":{"line":12,"column":0},"end":{"line":12,"column":28}},"12":{"start":{"line":13,"column":0},"end":{"line":13,"column":16}},"13":{"start":{"line":14,"column":0},"end":{"line":14,"column":12}},"14":{"start":{"line":15,"column":0},"end":{"line":15,"column":60}},"15":{"start":{"line":16,"column":0},"end":{"line":16,"column":4}},"16":{"start":{"line":17,"column":0},"end":{"line":17,"column":2}},"18":{"start":{"line":19,"column":0},"end":{"line":19,"column":19}},"19":{"start":{"line":20,"column":0},"end":{"line":20,"column":37}},"20":{"start":{"line":21,"column":0},"end":{"line":21,"column":30}},"21":{"start":{"line":22,"column":0},"end":{"line":22,"column":21}},"22":{"start":{"line":23,"column":0},"end":{"line":23,"column":15}},"23":{"start":{"line":24,"column":0},"end":{"line":24,"column":2}},"25":{"start":{"line":26,"column":0},"end":{"line":26,"column":43}},"26":{"start":{"line":27,"column":0},"end":{"line":27,"column":37}},"27":{"start":{"line":28,"column":0},"end":{"line":28,"column":7}},"28":{"start":{"line":29,"column":0},"end":{"line":29,"column":59}},"29":{"start":{"line":30,"column":0},"end":{"line":30,"column":21}},"30":{"start":{"line":31,"column":0},"end":{"line":31,"column":39}},"31":{"start":{"line":32,"column":0},"end":{"line":32,"column":7}},"32":{"start":{"line":33,"column":0},"end":{"line":33,"column":20}},"33":{"start":{"line":34,"column":0},"end":{"line":34,"column":17}},"34":{"start":{"line":35,"column":0},"end":{"line":35,"column":21}},"35":{"start":{"line":36,"column":0},"end":{"line":36,"column":3}},"36":{"start":{"line":37,"column":0},"end":{"line":37,"column":2}},"38":{"start":{"line":39,"column":0},"end":{"line":39,"column":44}},"39":{"start":{"line":40,"column":0},"end":{"line":40,"column":39}},"40":{"start":{"line":41,"column":0},"end":{"line":41,"column":68}},"41":{"start":{"line":42,"column":0},"end":{"line":42,"column":62}},"42":{"start":{"line":43,"column":0},"end":{"line":43,"column":54}},"43":{"start":{"line":44,"column":0},"end":{"line":44,"column":50}},"44":{"start":{"line":45,"column":0},"end":{"line":45,"column":26}},"45":{"start":{"line":46,"column":0},"end":{"line":46,"column":102}},"46":{"start":{"line":47,"column":0},"end":{"line":47,"column":21}},"47":{"start":{"line":48,"column":0},"end":{"line":48,"column":91}},"48":{"start":{"line":49,"column":0},"end":{"line":49,"column":24}},"49":{"start":{"line":50,"column":0},"end":{"line":50,"column":102}},"51":{"start":{"line":52,"column":0},"end":{"line":52,"column":146}},"53":{"start":{"line":54,"column":0},"end":{"line":54,"column":18}},"54":{"start":{"line":55,"column":0},"end":{"line":55,"column":20}},"55":{"start":{"line":56,"column":0},"end":{"line":56,"column":4}},"57":{"start":{"line":58,"column":0},"end":{"line":58,"column":7}},"58":{"start":{"line":59,"column":0},"end":{"line":59,"column":46}},"59":{"start":{"line":60,"column":0},"end":{"line":60,"column":19}},"60":{"start":{"line":61,"column":0},"end":{"line":61,"column":23}},"61":{"start":{"line":62,"column":0},"end":{"line":62,"column":3}},"62":{"start":{"line":63,"column":0},"end":{"line":63,"column":2}},"64":{"start":{"line":65,"column":0},"end":{"line":65,"column":16}},"65":{"start":{"line":66,"column":0},"end":{"line":66,"column":34}},"66":{"start":{"line":67,"column":0},"end":{"line":67,"column":47}},"67":{"start":{"line":68,"column":0},"end":{"line":68,"column":21}},"68":{"start":{"line":69,"column":0},"end":{"line":69,"column":17}},"69":{"start":{"line":70,"column":0},"end":{"line":70,"column":9}},"70":{"start":{"line":71,"column":0},"end":{"line":71,"column":76}},"71":{"start":{"line":72,"column":0},"end":{"line":72,"column":56}},"72":{"start":{"line":73,"column":0},"end":{"line":73,"column":41}},"73":{"start":{"line":74,"column":0},"end":{"line":74,"column":13}},"74":{"start":{"line":75,"column":0},"end":{"line":75,"column":42}},"75":{"start":{"line":76,"column":0},"end":{"line":76,"column":28}},"76":{"start":{"line":77,"column":0},"end":{"line":77,"column":92}},"77":{"start":{"line":78,"column":0},"end":{"line":78,"column":70}},"78":{"start":{"line":79,"column":0},"end":{"line":79,"column":9}},"79":{"start":{"line":80,"column":0},"end":{"line":80,"column":7}},"80":{"start":{"line":81,"column":0},"end":{"line":81,"column":43}},"81":{"start":{"line":82,"column":0},"end":{"line":82,"column":54}},"82":{"start":{"line":83,"column":0},"end":{"line":83,"column":68}},"83":{"start":{"line":84,"column":0},"end":{"line":84,"column":24}},"84":{"start":{"line":85,"column":0},"end":{"line":85,"column":14}},"85":{"start":{"line":86,"column":0},"end":{"line":86,"column":94}},"86":{"start":{"line":87,"column":0},"end":{"line":87,"column":68}},"87":{"start":{"line":88,"column":0},"end":{"line":88,"column":7}},"88":{"start":{"line":89,"column":0},"end":{"line":89,"column":19}},"89":{"start":{"line":90,"column":0},"end":{"line":90,"column":80}},"90":{"start":{"line":91,"column":0},"end":{"line":91,"column":66}},"91":{"start":{"line":92,"column":0},"end":{"line":92,"column":5}},"92":{"start":{"line":93,"column":0},"end":{"line":93,"column":3}},"93":{"start":{"line":94,"column":0},"end":{"line":94,"column":62}},"94":{"start":{"line":95,"column":0},"end":{"line":95,"column":1}}},"s":{"0":1,"1":1,"2":1,"3":1,"5":1,"7":1,"8":1,"9":1,"10":1,"11":1,"12":1,"13":1,"14":1,"15":1,"16":1,"18":1,"19":1,"20":1,"21":1,"22":1,"23":1,"25":1,"26":1,"27":6,"28":6,"29":6,"30":6,"31":6,"32":5,"33":6,"34":1,"35":1,"36":6,"38":1,"39":1,"40":4,"41":4,"42":4,"43":4,"44":4,"45":4,"46":4,"47":4,"48":4,"49":4,"51":4,"53":4,"54":4,"55":4,"57":4,"58":4,"59":4,"60":0,"61":0,"62":4,"64":1,"65":1,"66":6,"67":6,"68":4,"69":4,"70":4,"71":4,"72":4,"73":4,"74":4,"75":4,"76":0,"77":0,"78":0,"79":4,"80":4,"81":4,"82":3,"83":3,"84":4,"85":1,"86":1,"87":1,"88":4,"89":0,"90":0,"91":0,"92":4,"93":2,"94":2},"branchMap":{"0":{"type":"branch","line":21,"loc":{"start":{"line":21,"column":20},"end":{"line":24,"column":2}},"locations":[{"start":{"line":21,"column":20},"end":{"line":24,"column":2}}]},"1":{"type":"branch","line":27,"loc":{"start":{"line":27,"column":24},"end":{"line":37,"column":2}},"locations":[{"start":{"line":27,"column":24},"end":{"line":37,"column":2}}]},"2":{"type":"branch","line":32,"loc":{"start":{"line":32,"column":6},"end":{"line":34,"column":4}},"locations":[{"start":{"line":32,"column":6},"end":{"line":34,"column":4}}]},"3":{"type":"branch","line":34,"loc":{"start":{"line":34,"column":4},"end":{"line":36,"column":3}},"locations":[{"start":{"line":34,"column":4},"end":{"line":36,"column":3}}]},"4":{"type":"branch","line":40,"loc":{"start":{"line":40,"column":22},"end":{"line":63,"column":2}},"locations":[{"start":{"line":40,"column":22},"end":{"line":63,"column":2}}]},"5":{"type":"branch","line":60,"loc":{"start":{"line":60,"column":4},"end":{"line":62,"column":3}},"locations":[{"start":{"line":60,"column":4},"end":{"line":62,"column":3}}]},"6":{"type":"branch","line":66,"loc":{"start":{"line":66,"column":15},"end":{"line":95,"column":1}},"locations":[{"start":{"line":66,"column":15},"end":{"line":95,"column":1}}]},"7":{"type":"branch","line":68,"loc":{"start":{"line":68,"column":20},"end":{"line":93,"column":3}},"locations":[{"start":{"line":68,"column":20},"end":{"line":93,"column":3}}]},"8":{"type":"branch","line":76,"loc":{"start":{"line":76,"column":10},"end":{"line":79,"column":9}},"locations":[{"start":{"line":76,"column":10},"end":{"line":79,"column":9}}]},"9":{"type":"branch","line":82,"loc":{"start":{"line":82,"column":53},"end":{"line":85,"column":7}},"locations":[{"start":{"line":82,"column":53},"end":{"line":85,"column":7}}]},"10":{"type":"branch","line":85,"loc":{"start":{"line":85,"column":7},"end":{"line":88,"column":7}},"locations":[{"start":{"line":85,"column":7},"end":{"line":88,"column":7}}]},"11":{"type":"branch","line":89,"loc":{"start":{"line":89,"column":6},"end":{"line":92,"column":5}},"locations":[{"start":{"line":89,"column":6},"end":{"line":92,"column":5}}]},"12":{"type":"branch","line":93,"loc":{"start":{"line":93,"column":2},"end":{"line":95,"column":1}},"locations":[{"start":{"line":93,"column":2},"end":{"line":95,"column":1}}]}},"b":{"0":[1],"1":[6],"2":[5],"3":[1],"4":[4],"5":[0],"6":[6],"7":[4],"8":[0],"9":[3],"10":[1],"11":[0],"12":[2]},"fnMap":{"0":{"name":"handleError","decl":{"start":{"line":21,"column":20},"end":{"line":24,"column":2}},"loc":{"start":{"line":21,"column":20},"end":{"line":24,"column":2}},"line":21},"1":{"name":"getSubscription","decl":{"start":{"line":27,"column":24},"end":{"line":37,"column":2}},"loc":{"start":{"line":27,"column":24},"end":{"line":37,"column":2}},"line":27},"2":{"name":"transformJSON","decl":{"start":{"line":40,"column":22},"end":{"line":63,"column":2}},"loc":{"start":{"line":40,"column":22},"end":{"line":63,"column":2}},"line":40},"3":{"name":"__vite_ssr_export_default__","decl":{"start":{"line":66,"column":15},"end":{"line":95,"column":1}},"loc":{"start":{"line":66,"column":15},"end":{"line":95,"column":1}},"line":66}},"f":{"0":1,"1":6,"2":4,"3":6}}
,"/Users/2021-x0096/Sync/Hack/frontendweekly/11ty/_data/global.js": {"path":"/Users/2021-x0096/Sync/Hack/frontendweekly/11ty/_data/global.js","all":false,"statementMap":{"0":{"start":{"line":1,"column":0},"end":{"line":1,"column":16}},"1":{"start":{"line":2,"column":0},"end":{"line":2,"column":40}},"2":{"start":{"line":3,"column":0},"end":{"line":3,"column":12}},"3":{"start":{"line":4,"column":0},"end":{"line":4,"column":27}},"4":{"start":{"line":5,"column":0},"end":{"line":5,"column":77}},"5":{"start":{"line":6,"column":0},"end":{"line":6,"column":6}},"6":{"start":{"line":7,"column":0},"end":{"line":7,"column":52}},"7":{"start":{"line":8,"column":0},"end":{"line":8,"column":4}},"8":{"start":{"line":9,"column":0},"end":{"line":9,"column":18}},"9":{"start":{"line":10,"column":0},"end":{"line":10,"column":2}}},"s":{"0":1,"1":1,"2":1,"3":19,"4":57,"5":19,"6":19,"7":1,"8":1,"9":1},"branchMap":{"0":{"type":"branch","line":3,"loc":{"start":{"line":3,"column":2},"end":{"line":8,"column":3}},"locations":[{"start":{"line":3,"column":2},"end":{"line":8,"column":3}}]},"1":{"type":"branch","line":4,"loc":{"start":{"line":4,"column":20},"end":{"line":6,"column":5}},"locations":[{"start":{"line":4,"column":20},"end":{"line":6,"column":5}}]}},"b":{"0":[19],"1":[57]},"fnMap":{"0":{"name":"random","decl":{"start":{"line":3,"column":2},"end":{"line":8,"column":3}},"loc":{"start":{"line":3,"column":2},"end":{"line":8,"column":3}},"line":3},"1":{"name":"segment","decl":{"start":{"line":4,"column":20},"end":{"line":6,"column":5}},"loc":{"start":{"line":4,"column":20},"end":{"line":6,"column":5}},"line":4}},"f":{"0":19,"1":57}}
,"/Users/2021-x0096/Sync/Hack/frontendweekly/11ty/_data/speedify.js": {"path":"/Users/2021-x0096/Sync/Hack/frontendweekly/11ty/_data/speedify.js","all":false,"statementMap":{"0":{"start":{"line":1,"column":0},"end":{"line":1,"column":143}},"1":{"start":{"line":2,"column":0},"end":{"line":2,"column":190}},"2":{"start":{"line":3,"column":0},"end":{"line":3,"column":148}},"3":{"start":{"line":4,"column":0},"end":{"line":4,"column":81}},"4":{"start":{"line":5,"column":0},"end":{"line":5,"column":58}},"6":{"start":{"line":7,"column":0},"end":{"line":7,"column":50}},"7":{"start":{"line":8,"column":0},"end":{"line":8,"column":38}},"9":{"start":{"line":10,"column":0},"end":{"line":10,"column":34}},"10":{"start":{"line":11,"column":0},"end":{"line":11,"column":7}},"11":{"start":{"line":12,"column":0},"end":{"line":12,"column":70}},"12":{"start":{"line":13,"column":0},"end":{"line":13,"column":80}},"13":{"start":{"line":14,"column":0},"end":{"line":14,"column":4}},"14":{"start":{"line":15,"column":0},"end":{"line":15,"column":64}},"15":{"start":{"line":16,"column":0},"end":{"line":16,"column":74}},"16":{"start":{"line":17,"column":0},"end":{"line":17,"column":21}},"17":{"start":{"line":18,"column":0},"end":{"line":18,"column":7}},"18":{"start":{"line":19,"column":0},"end":{"line":19,"column":51}},"20":{"start":{"line":21,"column":0},"end":{"line":21,"column":48}},"21":{"start":{"line":22,"column":0},"end":{"line":22,"column":69}},"22":{"start":{"line":23,"column":0},"end":{"line":23,"column":14}},"23":{"start":{"line":24,"column":0},"end":{"line":24,"column":23}},"24":{"start":{"line":25,"column":0},"end":{"line":25,"column":25}},"25":{"start":{"line":26,"column":0},"end":{"line":26,"column":25}},"26":{"start":{"line":27,"column":0},"end":{"line":27,"column":15}},"27":{"start":{"line":28,"column":0},"end":{"line":28,"column":44}},"28":{"start":{"line":29,"column":0},"end":{"line":29,"column":8}},"29":{"start":{"line":30,"column":0},"end":{"line":30,"column":5}},"31":{"start":{"line":32,"column":0},"end":{"line":32,"column":36}},"33":{"start":{"line":34,"column":0},"end":{"line":34,"column":68}},"34":{"start":{"line":35,"column":0},"end":{"line":35,"column":40}},"36":{"start":{"line":37,"column":0},"end":{"line":37,"column":40}},"38":{"start":{"line":39,"column":0},"end":{"line":39,"column":38}},"39":{"start":{"line":40,"column":0},"end":{"line":40,"column":22}},"40":{"start":{"line":41,"column":0},"end":{"line":41,"column":68}},"41":{"start":{"line":42,"column":0},"end":{"line":42,"column":14}},"42":{"start":{"line":43,"column":0},"end":{"line":43,"column":23}},"43":{"start":{"line":44,"column":0},"end":{"line":44,"column":25}},"44":{"start":{"line":45,"column":0},"end":{"line":45,"column":25}},"45":{"start":{"line":46,"column":0},"end":{"line":46,"column":15}},"46":{"start":{"line":47,"column":0},"end":{"line":47,"column":44}},"47":{"start":{"line":48,"column":0},"end":{"line":48,"column":8}},"48":{"start":{"line":49,"column":0},"end":{"line":49,"column":5}},"50":{"start":{"line":51,"column":0},"end":{"line":51,"column":38}},"51":{"start":{"line":52,"column":0},"end":{"line":52,"column":33}},"52":{"start":{"line":53,"column":0},"end":{"line":53,"column":69}},"53":{"start":{"line":54,"column":0},"end":{"line":54,"column":73}},"54":{"start":{"line":55,"column":0},"end":{"line":55,"column":73}},"55":{"start":{"line":56,"column":0},"end":{"line":56,"column":53}},"56":{"start":{"line":57,"column":0},"end":{"line":57,"column":7}},"57":{"start":{"line":58,"column":0},"end":{"line":58,"column":19}},"58":{"start":{"line":59,"column":0},"end":{"line":59,"column":58}},"59":{"start":{"line":60,"column":0},"end":{"line":60,"column":12}},"60":{"start":{"line":61,"column":0},"end":{"line":61,"column":21}},"61":{"start":{"line":62,"column":0},"end":{"line":62,"column":23}},"62":{"start":{"line":63,"column":0},"end":{"line":63,"column":23}},"63":{"start":{"line":64,"column":0},"end":{"line":64,"column":13}},"64":{"start":{"line":65,"column":0},"end":{"line":65,"column":42}},"65":{"start":{"line":66,"column":0},"end":{"line":66,"column":6}},"66":{"start":{"line":67,"column":0},"end":{"line":67,"column":3}},"67":{"start":{"line":68,"column":0},"end":{"line":68,"column":1}}},"s":{"0":1,"1":1,"2":1,"3":1,"4":1,"6":1,"7":1,"9":1,"10":11,"11":11,"12":11,"13":11,"14":11,"15":11,"16":11,"17":11,"18":10,"20":11,"21":3,"22":3,"23":3,"24":3,"25":3,"26":3,"27":3,"28":3,"29":3,"31":6,"33":6,"34":5,"36":4,"38":4,"39":11,"40":1,"41":1,"42":1,"43":1,"44":1,"45":1,"46":1,"47":1,"48":1,"50":3,"51":3,"52":3,"53":3,"54":3,"55":3,"56":3,"57":11,"58":4,"59":4,"60":4,"61":4,"62":4,"63":4,"64":4,"65":4,"66":4,"67":11},"branchMap":{"0":{"type":"branch","line":10,"loc":{"start":{"line":10,"column":15},"end":{"line":68,"column":1}},"locations":[{"start":{"line":10,"column":15},"end":{"line":68,"column":1}}]},"1":{"type":"branch","line":18,"loc":{"start":{"line":18,"column":6},"end":{"line":21,"column":23}},"locations":[{"start":{"line":18,"column":6},"end":{"line":21,"column":23}}]},"2":{"type":"branch","line":21,"loc":{"start":{"line":21,"column":23},"end":{"line":21,"column":45}},"locations":[{"start":{"line":21,"column":23},"end":{"line":21,"column":45}}]},"3":{"type":"branch","line":21,"loc":{"start":{"line":21,"column":47},"end":{"line":30,"column":5}},"locations":[{"start":{"line":21,"column":47},"end":{"line":30,"column":5}}]},"4":{"type":"branch","line":30,"loc":{"start":{"line":30,"column":4},"end":{"line":34,"column":68}},"locations":[{"start":{"line":30,"column":4},"end":{"line":34,"column":68}}]},"5":{"type":"branch","line":34,"loc":{"start":{"line":34,"column":67},"end":{"line":35,"column":40}},"locations":[{"start":{"line":34,"column":67},"end":{"line":35,"column":40}}]},"6":{"type":"branch","line":35,"loc":{"start":{"line":35,"column":39},"end":{"line":40,"column":21}},"locations":[{"start":{"line":35,"column":39},"end":{"line":40,"column":21}}]},"7":{"type":"branch","line":40,"loc":{"start":{"line":40,"column":21},"end":{"line":49,"column":5}},"locations":[{"start":{"line":40,"column":21},"end":{"line":49,"column":5}}]},"8":{"type":"branch","line":49,"loc":{"start":{"line":49,"column":4},"end":{"line":58,"column":4}},"locations":[{"start":{"line":49,"column":4},"end":{"line":58,"column":4}}]},"9":{"type":"branch","line":58,"loc":{"start":{"line":58,"column":4},"end":{"line":67,"column":3}},"locations":[{"start":{"line":58,"column":4},"end":{"line":67,"column":3}}]}},"b":{"0":[11],"1":[10],"2":[7],"3":[3],"4":[6],"5":[5],"6":[4],"7":[1],"8":[3],"9":[4]},"fnMap":{"0":{"name":"__vite_ssr_export_default__","decl":{"start":{"line":10,"column":15},"end":{"line":68,"column":1}},"loc":{"start":{"line":10,"column":15},"end":{"line":68,"column":1}},"line":10}},"f":{"0":11}}
,"/Users/2021-x0096/Sync/Hack/frontendweekly/11ty/_data/webmentions.js": {"path":"/Users/2021-x0096/Sync/Hack/frontendweekly/11ty/_data/webmentions.js","all":false,"statementMap":{"0":{"start":{"line":1,"column":0},"end":{"line":1,"column":143}},"1":{"start":{"line":2,"column":0},"end":{"line":2,"column":190}},"2":{"start":{"line":3,"column":0},"end":{"line":3,"column":148}},"3":{"start":{"line":4,"column":0},"end":{"line":4,"column":81}},"4":{"start":{"line":5,"column":0},"end":{"line":5,"column":53}},"6":{"start":{"line":7,"column":0},"end":{"line":7,"column":34}},"7":{"start":{"line":8,"column":0},"end":{"line":8,"column":54}},"8":{"start":{"line":9,"column":0},"end":{"line":9,"column":16}},"10":{"start":{"line":11,"column":0},"end":{"line":11,"column":60}},"12":{"start":{"line":13,"column":0},"end":{"line":13,"column":34}},"13":{"start":{"line":14,"column":0},"end":{"line":14,"column":52}},"14":{"start":{"line":15,"column":0},"end":{"line":15,"column":40}},"15":{"start":{"line":16,"column":0},"end":{"line":16,"column":20}},"16":{"start":{"line":17,"column":0},"end":{"line":17,"column":7}},"17":{"start":{"line":18,"column":0},"end":{"line":18,"column":78}},"18":{"start":{"line":19,"column":0},"end":{"line":19,"column":15}},"19":{"start":{"line":20,"column":0},"end":{"line":20,"column":55}},"20":{"start":{"line":21,"column":0},"end":{"line":21,"column":14}},"21":{"start":{"line":22,"column":0},"end":{"line":22,"column":3}},"22":{"start":{"line":23,"column":0},"end":{"line":23,"column":48}},"24":{"start":{"line":25,"column":0},"end":{"line":25,"column":37}},"25":{"start":{"line":26,"column":0},"end":{"line":26,"column":36}},"27":{"start":{"line":28,"column":0},"end":{"line":28,"column":22}},"28":{"start":{"line":29,"column":0},"end":{"line":29,"column":20}},"29":{"start":{"line":30,"column":0},"end":{"line":30,"column":86}},"30":{"start":{"line":31,"column":0},"end":{"line":31,"column":8}},"31":{"start":{"line":32,"column":0},"end":{"line":32,"column":19}},"32":{"start":{"line":33,"column":0},"end":{"line":33,"column":5}},"34":{"start":{"line":35,"column":0},"end":{"line":35,"column":17}},"35":{"start":{"line":36,"column":0},"end":{"line":36,"column":20}},"36":{"start":{"line":37,"column":0},"end":{"line":37,"column":80}},"37":{"start":{"line":38,"column":0},"end":{"line":38,"column":8}},"38":{"start":{"line":39,"column":0},"end":{"line":39,"column":19}},"39":{"start":{"line":40,"column":0},"end":{"line":40,"column":5}},"41":{"start":{"line":42,"column":0},"end":{"line":42,"column":99}},"43":{"start":{"line":44,"column":0},"end":{"line":44,"column":9}},"44":{"start":{"line":45,"column":0},"end":{"line":45,"column":45}},"45":{"start":{"line":46,"column":0},"end":{"line":46,"column":23}},"46":{"start":{"line":47,"column":0},"end":{"line":47,"column":9}},"47":{"start":{"line":48,"column":0},"end":{"line":48,"column":27}},"48":{"start":{"line":49,"column":0},"end":{"line":49,"column":21}},"49":{"start":{"line":50,"column":0},"end":{"line":50,"column":95}},"50":{"start":{"line":51,"column":0},"end":{"line":51,"column":10}},"51":{"start":{"line":52,"column":0},"end":{"line":52,"column":20}},"52":{"start":{"line":53,"column":0},"end":{"line":53,"column":7}},"53":{"start":{"line":54,"column":0},"end":{"line":54,"column":52}},"54":{"start":{"line":55,"column":0},"end":{"line":55,"column":30}},"55":{"start":{"line":56,"column":0},"end":{"line":56,"column":19}},"56":{"start":{"line":57,"column":0},"end":{"line":57,"column":25}},"57":{"start":{"line":58,"column":0},"end":{"line":58,"column":30}},"58":{"start":{"line":59,"column":0},"end":{"line":59,"column":5}},"59":{"start":{"line":60,"column":0},"end":{"line":60,"column":3}},"61":{"start":{"line":62,"column":0},"end":{"line":62,"column":40}},"62":{"start":{"line":63,"column":0},"end":{"line":63,"column":23}},"63":{"start":{"line":64,"column":0},"end":{"line":64,"column":14}},"64":{"start":{"line":65,"column":0},"end":{"line":65,"column":3}},"65":{"start":{"line":66,"column":0},"end":{"line":66,"column":23}},"66":{"start":{"line":67,"column":0},"end":{"line":67,"column":25}},"67":{"start":{"line":68,"column":0},"end":{"line":68,"column":3}},"68":{"start":{"line":69,"column":0},"end":{"line":69,"column":12}},"69":{"start":{"line":70,"column":0},"end":{"line":70,"column":1}}},"s":{"0":1,"1":1,"2":1,"3":1,"4":1,"6":1,"7":1,"8":1,"10":1,"12":1,"13":11,"14":11,"15":11,"16":11,"17":11,"18":11,"19":0,"20":0,"21":0,"22":11,"24":11,"25":11,"27":11,"28":0,"29":0,"30":0,"31":0,"32":0,"34":11,"35":1,"36":1,"37":1,"38":1,"39":1,"41":10,"43":10,"44":10,"45":10,"46":10,"47":11,"48":5,"49":5,"50":5,"51":5,"52":5,"53":3,"54":3,"55":11,"56":2,"57":2,"58":2,"59":11,"61":11,"62":11,"63":1,"64":1,"65":11,"66":10,"67":10,"68":0,"69":0},"branchMap":{"0":{"type":"branch","line":13,"loc":{"start":{"line":13,"column":15},"end":{"line":70,"column":1}},"locations":[{"start":{"line":13,"column":15},"end":{"line":70,"column":1}}]},"1":{"type":"branch","line":19,"loc":{"start":{"line":19,"column":4},"end":{"line":22,"column":3}},"locations":[{"start":{"line":19,"column":4},"end":{"line":22,"column":3}}]},"2":{"type":"branch","line":63,"loc":{"start":{"line":63,"column":22},"end":{"line":65,"column":3}},"locations":[{"start":{"line":63,"column":22},"end":{"line":65,"column":3}}]},"3":{"type":"branch","line":65,"loc":{"start":{"line":65,"column":2},"end":{"line":66,"column":20}},"locations":[{"start":{"line":65,"column":2},"end":{"line":66,"column":20}}]},"4":{"type":"branch","line":66,"loc":{"start":{"line":66,"column":22},"end":{"line":68,"column":3}},"locations":[{"start":{"line":66,"column":22},"end":{"line":68,"column":3}}]},"5":{"type":"branch","line":68,"loc":{"start":{"line":68,"column":2},"end":{"line":70,"column":1}},"locations":[{"start":{"line":68,"column":2},"end":{"line":70,"column":1}}]},"6":{"type":"branch","line":25,"loc":{"start":{"line":25,"column":2},"end":{"line":60,"column":3}},"locations":[{"start":{"line":25,"column":2},"end":{"line":60,"column":3}}]},"7":{"type":"branch","line":28,"loc":{"start":{"line":28,"column":21},"end":{"line":33,"column":5}},"locations":[{"start":{"line":28,"column":21},"end":{"line":33,"column":5}}]},"8":{"type":"branch","line":35,"loc":{"start":{"line":35,"column":16},"end":{"line":40,"column":5}},"locations":[{"start":{"line":35,"column":16},"end":{"line":40,"column":5}}]},"9":{"type":"branch","line":40,"loc":{"start":{"line":40,"column":4},"end":{"line":47,"column":9}},"locations":[{"start":{"line":40,"column":4},"end":{"line":47,"column":9}}]},"10":{"type":"branch","line":47,"loc":{"start":{"line":47,"column":8},"end":{"line":48,"column":14}},"locations":[{"start":{"line":47,"column":8},"end":{"line":48,"column":14}}]},"11":{"type":"branch","line":48,"loc":{"start":{"line":48,"column":14},"end":{"line":48,"column":24}},"locations":[{"start":{"line":48,"column":14},"end":{"line":48,"column":24}}]},"12":{"type":"branch","line":48,"loc":{"start":{"line":48,"column":26},"end":{"line":53,"column":7}},"locations":[{"start":{"line":48,"column":26},"end":{"line":53,"column":7}}]},"13":{"type":"branch","line":53,"loc":{"start":{"line":53,"column":6},"end":{"line":56,"column":6}},"locations":[{"start":{"line":53,"column":6},"end":{"line":56,"column":6}}]},"14":{"type":"branch","line":56,"loc":{"start":{"line":56,"column":6},"end":{"line":59,"column":5}},"locations":[{"start":{"line":56,"column":6},"end":{"line":59,"column":5}}]}},"b":{"0":[11],"1":[0],"2":[1],"3":[10],"4":[10],"5":[0],"6":[11],"7":[0],"8":[1],"9":[10],"10":[8],"11":[6],"12":[5],"13":[3],"14":[2]},"fnMap":{"0":{"name":"__vite_ssr_export_default__","decl":{"start":{"line":13,"column":15},"end":{"line":70,"column":1}},"loc":{"start":{"line":13,"column":15},"end":{"line":70,"column":1}},"line":13},"1":{"name":"fetchWebmentions","decl":{"start":{"line":25,"column":2},"end":{"line":60,"column":3}},"loc":{"start":{"line":25,"column":2},"end":{"line":60,"column":3}},"line":25}},"f":{"0":11,"1":11}}
,"/Users/2021-x0096/Sync/Hack/frontendweekly/11ty/_filter/date-iso.js": {"path":"/Users/2021-x0096/Sync/Hack/frontendweekly/11ty/_filter/date-iso.js","all":false,"statementMap":{"0":{"start":{"line":1,"column":0},"end":{"line":1,"column":33}},"1":{"start":{"line":2,"column":0},"end":{"line":2,"column":37}},"2":{"start":{"line":3,"column":0},"end":{"line":3,"column":34}},"3":{"start":{"line":4,"column":0},"end":{"line":4,"column":1}}},"s":{"0":1,"1":1,"2":1,"3":1},"branchMap":{"0":{"type":"branch","line":1,"loc":{"start":{"line":1,"column":15},"end":{"line":4,"column":1}},"locations":[{"start":{"line":1,"column":15},"end":{"line":4,"column":1}}]}},"b":{"0":[1]},"fnMap":{"0":{"name":"__vite_ssr_export_default__","decl":{"start":{"line":1,"column":15},"end":{"line":4,"column":1}},"loc":{"start":{"line":1,"column":15},"end":{"line":4,"column":1}},"line":1}},"f":{"0":1}}
,"/Users/2021-x0096/Sync/Hack/frontendweekly/11ty/_filter/date-ordinal-suffix.js": {"path":"/Users/2021-x0096/Sync/Hack/frontendweekly/11ty/_filter/date-ordinal-suffix.js","all":false,"statementMap":{"0":{"start":{"line":1,"column":0},"end":{"line":1,"column":51}},"1":{"start":{"line":2,"column":0},"end":{"line":2,"column":29}},"2":{"start":{"line":3,"column":0},"end":{"line":3,"column":37}},"3":{"start":{"line":4,"column":0},"end":{"line":4,"column":20}},"4":{"start":{"line":5,"column":0},"end":{"line":5,"column":48}},"5":{"start":{"line":6,"column":0},"end":{"line":6,"column":2}},"7":{"start":{"line":8,"column":0},"end":{"line":8,"column":33}},"8":{"start":{"line":9,"column":0},"end":{"line":9,"column":37}},"10":{"start":{"line":11,"column":0},"end":{"line":11,"column":18}},"11":{"start":{"line":12,"column":0},"end":{"line":12,"column":14}},"12":{"start":{"line":13,"column":0},"end":{"line":13,"column":15}},"13":{"start":{"line":14,"column":0},"end":{"line":14,"column":12}},"14":{"start":{"line":15,"column":0},"end":{"line":15,"column":12}},"15":{"start":{"line":16,"column":0},"end":{"line":16,"column":10}},"16":{"start":{"line":17,"column":0},"end":{"line":17,"column":11}},"17":{"start":{"line":18,"column":0},"end":{"line":18,"column":11}},"18":{"start":{"line":19,"column":0},"end":{"line":19,"column":13}},"19":{"start":{"line":20,"column":0},"end":{"line":20,"column":16}},"20":{"start":{"line":21,"column":0},"end":{"line":21,"column":14}},"21":{"start":{"line":22,"column":0},"end":{"line":22,"column":15}},"22":{"start":{"line":23,"column":0},"end":{"line":23,"column":15}},"23":{"start":{"line":24,"column":0},"end":{"line":24,"column":4}},"24":{"start":{"line":25,"column":0},"end":{"line":25,"column":59}},"26":{"start":{"line":27,"column":0},"end":{"line":27,"column":89}},"27":{"start":{"line":28,"column":0},"end":{"line":28,"column":1}}},"s":{"0":1,"1":1,"2":4,"3":4,"4":4,"5":4,"7":1,"8":4,"10":4,"11":4,"12":4,"13":4,"14":4,"15":4,"16":4,"17":4,"18":4,"19":4,"20":4,"21":4,"22":4,"23":4,"24":4,"26":4,"27":4},"branchMap":{"0":{"type":"branch","line":2,"loc":{"start":{"line":2,"column":21},"end":{"line":6,"column":2}},"locations":[{"start":{"line":2,"column":21},"end":{"line":6,"column":2}}]},"1":{"type":"branch","line":5,"loc":{"start":{"line":5,"column":31},"end":{"line":5,"column":38}},"locations":[{"start":{"line":5,"column":31},"end":{"line":5,"column":38}}]},"2":{"type":"branch","line":5,"loc":{"start":{"line":5,"column":39},"end":{"line":5,"column":46}},"locations":[{"start":{"line":5,"column":39},"end":{"line":5,"column":46}}]},"3":{"type":"branch","line":8,"loc":{"start":{"line":8,"column":15},"end":{"line":28,"column":1}},"locations":[{"start":{"line":8,"column":15},"end":{"line":28,"column":1}}]}},"b":{"0":[4],"1":[3],"2":[1],"3":[4]},"fnMap":{"0":{"name":"appendSuffix","decl":{"start":{"line":2,"column":21},"end":{"line":6,"column":2}},"loc":{"start":{"line":2,"column":21},"end":{"line":6,"column":2}},"line":2},"1":{"name":"__vite_ssr_export_default__","decl":{"start":{"line":8,"column":15},"end":{"line":28,"column":1}},"loc":{"start":{"line":8,"column":15},"end":{"line":28,"column":1}},"line":8}},"f":{"0":4,"1":4}}
,"/Users/2021-x0096/Sync/Hack/frontendweekly/11ty/_filter/head.js": {"path":"/Users/2021-x0096/Sync/Hack/frontendweekly/11ty/_filter/head.js","all":false,"statementMap":{"0":{"start":{"line":1,"column":0},"end":{"line":1,"column":36}},"1":{"start":{"line":2,"column":0},"end":{"line":2,"column":62}},"2":{"start":{"line":3,"column":0},"end":{"line":3,"column":11}},"3":{"start":{"line":4,"column":0},"end":{"line":4,"column":3}},"5":{"start":{"line":6,"column":0},"end":{"line":6,"column":14}},"6":{"start":{"line":7,"column":0},"end":{"line":7,"column":26}},"7":{"start":{"line":8,"column":0},"end":{"line":8,"column":3}},"9":{"start":{"line":10,"column":0},"end":{"line":10,"column":27}},"10":{"start":{"line":11,"column":0},"end":{"line":11,"column":1}}},"s":{"0":1,"1":19,"2":6,"3":6,"5":19,"6":4,"7":4,"9":9,"10":9},"branchMap":{"0":{"type":"branch","line":1,"loc":{"start":{"line":1,"column":15},"end":{"line":11,"column":1}},"locations":[{"start":{"line":1,"column":15},"end":{"line":11,"column":1}}]},"1":{"type":"branch","line":2,"loc":{"start":{"line":2,"column":13},"end":{"line":2,"column":34}},"locations":[{"start":{"line":2,"column":13},"end":{"line":2,"column":34}}]},"2":{"type":"branch","line":2,"loc":{"start":{"line":2,"column":35},"end":{"line":2,"column":59}},"locations":[{"start":{"line":2,"column":35},"end":{"line":2,"column":59}}]},"3":{"type":"branch","line":2,"loc":{"start":{"line":2,"column":61},"end":{"line":4,"column":3}},"locations":[{"start":{"line":2,"column":61},"end":{"line":4,"column":3}}]},"4":{"type":"branch","line":4,"loc":{"start":{"line":4,"column":2},"end":{"line":6,"column":13}},"locations":[{"start":{"line":4,"column":2},"end":{"line":6,"column":13}}]},"5":{"type":"branch","line":6,"loc":{"start":{"line":6,"column":13},"end":{"line":8,"column":3}},"locations":[{"start":{"line":6,"column":13},"end":{"line":8,"column":3}}]},"6":{"type":"branch","line":8,"loc":{"start":{"line":8,"column":2},"end":{"line":11,"column":1}},"locations":[{"start":{"line":8,"column":2},"end":{"line":11,"column":1}}]}},"b":{"0":[19],"1":[17],"2":[16],"3":[6],"4":[13],"5":[4],"6":[9]},"fnMap":{"0":{"name":"__vite_ssr_export_default__","decl":{"start":{"line":1,"column":15},"end":{"line":11,"column":1}},"loc":{"start":{"line":1,"column":15},"end":{"line":11,"column":1}},"line":1}},"f":{"0":19}}
,"/Users/2021-x0096/Sync/Hack/frontendweekly/11ty/_filter/webmention.js": {"path":"/Users/2021-x0096/Sync/Hack/frontendweekly/11ty/_filter/webmention.js","all":false,"statementMap":{"0":{"start":{"line":1,"column":0},"end":{"line":1,"column":47}},"1":{"start":{"line":2,"column":0},"end":{"line":2,"column":64}},"2":{"start":{"line":3,"column":0},"end":{"line":3,"column":1}},"4":{"start":{"line":5,"column":0},"end":{"line":5,"column":39}},"5":{"start":{"line":6,"column":0},"end":{"line":6,"column":89}},"6":{"start":{"line":7,"column":0},"end":{"line":7,"column":1}},"8":{"start":{"line":9,"column":0},"end":{"line":9,"column":61}},"9":{"start":{"line":10,"column":0},"end":{"line":10,"column":17}},"10":{"start":{"line":11,"column":0},"end":{"line":11,"column":50}},"11":{"start":{"line":12,"column":0},"end":{"line":12,"column":55}},"12":{"start":{"line":13,"column":0},"end":{"line":13,"column":62}},"13":{"start":{"line":14,"column":0},"end":{"line":14,"column":1}}},"s":{"0":1,"1":7,"2":7,"4":21,"5":21,"6":21,"8":1,"9":17,"10":17,"11":17,"12":17,"13":17},"branchMap":{"0":{"type":"branch","line":1,"loc":{"start":{"line":1,"column":7},"end":{"line":3,"column":1}},"locations":[{"start":{"line":1,"column":7},"end":{"line":3,"column":1}}]},"1":{"type":"branch","line":2,"loc":{"start":{"line":2,"column":25},"end":{"line":2,"column":62}},"locations":[{"start":{"line":2,"column":25},"end":{"line":2,"column":62}}]},"2":{"type":"branch","line":5,"loc":{"start":{"line":5,"column":0},"end":{"line":7,"column":1}},"locations":[{"start":{"line":5,"column":0},"end":{"line":7,"column":1}}]},"3":{"type":"branch","line":6,"loc":{"start":{"line":6,"column":32},"end":{"line":6,"column":82}},"locations":[{"start":{"line":6,"column":32},"end":{"line":6,"column":82}}]},"4":{"type":"branch","line":6,"loc":{"start":{"line":6,"column":70},"end":{"line":6,"column":81}},"locations":[{"start":{"line":6,"column":70},"end":{"line":6,"column":81}}]},"5":{"type":"branch","line":9,"loc":{"start":{"line":9,"column":7},"end":{"line":14,"column":1}},"locations":[{"start":{"line":9,"column":7},"end":{"line":14,"column":1}}]},"6":{"type":"branch","line":11,"loc":{"start":{"line":11,"column":12},"end":{"line":11,"column":49}},"locations":[{"start":{"line":11,"column":12},"end":{"line":11,"column":49}}]},"7":{"type":"branch","line":12,"loc":{"start":{"line":12,"column":9},"end":{"line":12,"column":54}},"locations":[{"start":{"line":12,"column":9},"end":{"line":12,"column":54}}]},"8":{"type":"branch","line":13,"loc":{"start":{"line":13,"column":12},"end":{"line":13,"column":60}},"locations":[{"start":{"line":13,"column":12},"end":{"line":13,"column":60}}]},"9":{"type":"branch","line":13,"loc":{"start":{"line":13,"column":30},"end":{"line":13,"column":48}},"locations":[{"start":{"line":13,"column":30},"end":{"line":13,"column":48}}]},"10":{"type":"branch","line":13,"loc":{"start":{"line":13,"column":49},"end":{"line":13,"column":60}},"locations":[{"start":{"line":13,"column":49},"end":{"line":13,"column":60}}]}},"b":{"0":[7],"1":[14],"2":[21],"3":[24],"4":[0],"5":[17],"6":[29],"7":[21],"8":[21],"9":[19],"10":[15]},"fnMap":{"0":{"name":"webmentionData","decl":{"start":{"line":1,"column":7},"end":{"line":3,"column":1}},"loc":{"start":{"line":1,"column":7},"end":{"line":3,"column":1}},"line":1},"1":{"name":"getNestedProperty","decl":{"start":{"line":5,"column":0},"end":{"line":7,"column":1}},"loc":{"start":{"line":5,"column":0},"end":{"line":7,"column":1}},"line":5},"2":{"name":"webmentionProperty","decl":{"start":{"line":9,"column":7},"end":{"line":14,"column":1}},"loc":{"start":{"line":9,"column":7},"end":{"line":14,"column":1}},"line":9}},"f":{"0":7,"1":21,"2":17}}
,"/Users/2021-x0096/Sync/Hack/frontendweekly/11ty/_include/partials/global/service-worker.js": {"path":"/Users/2021-x0096/Sync/Hack/frontendweekly/11ty/_include/partials/global/service-worker.js","all":true,"statementMap":{"0":{"start":{"line":1,"column":0},"end":{"line":1,"column":20}},"1":{"start":{"line":2,"column":0},"end":{"line":2,"column":31}},"2":{"start":{"line":3,"column":0},"end":{"line":3,"column":35}},"3":{"start":{"line":4,"column":0},"end":{"line":4,"column":32}},"4":{"start":{"line":5,"column":0},"end":{"line":5,"column":21}},"5":{"start":{"line":6,"column":0},"end":{"line":6,"column":2}},"7":{"start":{"line":8,"column":0},"end":{"line":8,"column":49}},"8":{"start":{"line":9,"column":0},"end":{"line":9,"column":32}},"10":{"start":{"line":11,"column":0},"end":{"line":11,"column":62}},"11":{"start":{"line":12,"column":0},"end":{"line":12,"column":29}},"13":{"start":{"line":14,"column":0},"end":{"line":14,"column":42}},"14":{"start":{"line":15,"column":0},"end":{"line":15,"column":36}},"16":{"start":{"line":17,"column":0},"end":{"line":17,"column":3}},"17":{"start":{"line":18,"column":0},"end":{"line":18,"column":65}},"18":{"start":{"line":19,"column":0},"end":{"line":19,"column":2}},"19":{"start":{"line":20,"column":0},"end":{"line":20,"column":28}},"20":{"start":{"line":21,"column":0},"end":{"line":21,"column":26}},"21":{"start":{"line":22,"column":0},"end":{"line":22,"column":15}},"22":{"start":{"line":23,"column":0},"end":{"line":23,"column":3}},"23":{"start":{"line":24,"column":0},"end":{"line":24,"column":52}},"24":{"start":{"line":25,"column":0},"end":{"line":25,"column":62}},"25":{"start":{"line":26,"column":0},"end":{"line":26,"column":2}},"27":{"start":{"line":28,"column":0},"end":{"line":28,"column":40}},"28":{"start":{"line":29,"column":0},"end":{"line":29,"column":21}},"30":{"start":{"line":31,"column":0},"end":{"line":31,"column":56}},"31":{"start":{"line":32,"column":0},"end":{"line":32,"column":3}},"33":{"start":{"line":34,"column":0},"end":{"line":34,"column":44}},"34":{"start":{"line":35,"column":0},"end":{"line":35,"column":72}},"35":{"start":{"line":36,"column":0},"end":{"line":36,"column":16}},"36":{"start":{"line":37,"column":0},"end":{"line":37,"column":10}},"37":{"start":{"line":38,"column":0},"end":{"line":38,"column":13}},"38":{"start":{"line":39,"column":0},"end":{"line":39,"column":29}},"39":{"start":{"line":40,"column":0},"end":{"line":40,"column":33}},"40":{"start":{"line":41,"column":0},"end":{"line":41,"column":61}},"41":{"start":{"line":42,"column":0},"end":{"line":42,"column":10}},"42":{"start":{"line":43,"column":0},"end":{"line":43,"column":8}},"43":{"start":{"line":44,"column":0},"end":{"line":44,"column":32}},"44":{"start":{"line":45,"column":0},"end":{"line":45,"column":27}},"45":{"start":{"line":46,"column":0},"end":{"line":46,"column":39}},"46":{"start":{"line":47,"column":0},"end":{"line":47,"column":39}},"47":{"start":{"line":48,"column":0},"end":{"line":48,"column":12}},"48":{"start":{"line":49,"column":0},"end":{"line":49,"column":10}},"49":{"start":{"line":50,"column":0},"end":{"line":50,"column":8}},"50":{"start":{"line":51,"column":0},"end":{"line":51,"column":39}},"51":{"start":{"line":52,"column":0},"end":{"line":52,"column":4}},"52":{"start":{"line":53,"column":0},"end":{"line":53,"column":3}},"54":{"start":{"line":55,"column":0},"end":{"line":55,"column":41}},"55":{"start":{"line":56,"column":0},"end":{"line":56,"column":48}},"57":{"start":{"line":58,"column":0},"end":{"line":58,"column":44}},"58":{"start":{"line":59,"column":0},"end":{"line":59,"column":45}},"59":{"start":{"line":60,"column":0},"end":{"line":60,"column":11}},"60":{"start":{"line":61,"column":0},"end":{"line":61,"column":3}},"62":{"start":{"line":63,"column":0},"end":{"line":63,"column":43}},"63":{"start":{"line":64,"column":0},"end":{"line":64,"column":73}},"64":{"start":{"line":65,"column":0},"end":{"line":65,"column":11}},"65":{"start":{"line":66,"column":0},"end":{"line":66,"column":3}},"67":{"start":{"line":68,"column":0},"end":{"line":68,"column":18}},"68":{"start":{"line":69,"column":0},"end":{"line":69,"column":56}},"69":{"start":{"line":70,"column":0},"end":{"line":70,"column":38}},"70":{"start":{"line":71,"column":0},"end":{"line":71,"column":27}},"71":{"start":{"line":72,"column":0},"end":{"line":72,"column":30}},"72":{"start":{"line":73,"column":0},"end":{"line":73,"column":7}},"74":{"start":{"line":75,"column":0},"end":{"line":75,"column":62}},"75":{"start":{"line":76,"column":0},"end":{"line":76,"column":62}},"76":{"start":{"line":77,"column":0},"end":{"line":77,"column":33}},"77":{"start":{"line":78,"column":0},"end":{"line":78,"column":31}},"78":{"start":{"line":79,"column":0},"end":{"line":79,"column":58}},"79":{"start":{"line":80,"column":0},"end":{"line":80,"column":72}},"80":{"start":{"line":81,"column":0},"end":{"line":81,"column":30}},"81":{"start":{"line":82,"column":0},"end":{"line":82,"column":15}},"82":{"start":{"line":83,"column":0},"end":{"line":83,"column":12}},"83":{"start":{"line":84,"column":0},"end":{"line":84,"column":27}},"84":{"start":{"line":85,"column":0},"end":{"line":85,"column":9}},"85":{"start":{"line":86,"column":0},"end":{"line":86,"column":6}},"86":{"start":{"line":87,"column":0},"end":{"line":87,"column":4}},"87":{"start":{"line":88,"column":0},"end":{"line":88,"column":3}}},"s":{"0":0,"1":0,"2":0,"3":0,"4":0,"5":0,"7":0,"8":0,"10":0,"11":0,"13":0,"14":0,"16":0,"17":0,"18":0,"19":0,"20":0,"21":0,"22":0,"23":0,"24":0,"25":0,"27":0,"28":0,"30":0,"31":0,"33":0,"34":0,"35":0,"36":0,"37":0,"38":0,"39":0,"40":0,"41":0,"42":0,"43":0,"44":0,"45":0,"46":0,"47":0,"48":0,"49":0,"50":0,"51":0,"52":0,"54":0,"55":0,"57":0,"58":0,"59":0,"60":0,"62":0,"63":0,"64":0,"65":0,"67":0,"68":0,"69":0,"70":0,"71":0,"72":0,"74":0,"75":0,"76":0,"77":0,"78":0,"79":0,"80":0,"81":0,"82":0,"83":0,"84":0,"85":0,"86":0,"87":0},"branchMap":{"0":{"type":"branch","line":1,"loc":{"start":{"line":1,"column":0},"end":{"line":88,"column":2}},"locations":[{"start":{"line":1,"column":0},"end":{"line":88,"column":2}}]}},"b":{"0":[0]},"fnMap":{"0":{"name":"(empty-report)","decl":{"start":{"line":1,"column":0},"end":{"line":88,"column":2}},"loc":{"start":{"line":1,"column":0},"end":{"line":88,"column":2}},"line":1}},"f":{"0":0}}
,"/Users/2021-x0096/Sync/Hack/frontendweekly/11ty/_plugin/eleventy-plugin-markdown.js": {"path":"/Users/2021-x0096/Sync/Hack/frontendweekly/11ty/_plugin/eleventy-plugin-markdown.js","all":false,"statementMap":{"0":{"start":{"line":1,"column":0},"end":{"line":1,"column":61}},"1":{"start":{"line":2,"column":0},"end":{"line":2,"column":89}},"3":{"start":{"line":4,"column":0},"end":{"line":4,"column":56}},"4":{"start":{"line":5,"column":0},"end":{"line":5,"column":34}},"5":{"start":{"line":6,"column":0},"end":{"line":6,"column":15}},"6":{"start":{"line":7,"column":0},"end":{"line":7,"column":17}},"7":{"start":{"line":8,"column":0},"end":{"line":8,"column":18}},"8":{"start":{"line":9,"column":0},"end":{"line":9,"column":33}},"9":{"start":{"line":10,"column":0},"end":{"line":10,"column":66}},"11":{"start":{"line":12,"column":0},"end":{"line":12,"column":47}},"12":{"start":{"line":13,"column":0},"end":{"line":13,"column":1}}},"s":{"0":1,"1":1,"3":1,"4":3,"5":3,"6":3,"7":3,"8":3,"9":3,"11":3,"12":3},"branchMap":{"0":{"type":"branch","line":4,"loc":{"start":{"line":4,"column":15},"end":{"line":13,"column":1}},"locations":[{"start":{"line":4,"column":15},"end":{"line":13,"column":1}}]},"1":{"type":"branch","line":10,"loc":{"start":{"line":10,"column":59},"end":{"line":10,"column":64}},"locations":[{"start":{"line":10,"column":59},"end":{"line":10,"column":64}}]}},"b":{"0":[3],"1":[2]},"fnMap":{"0":{"name":"__vite_ssr_export_default__","decl":{"start":{"line":4,"column":15},"end":{"line":13,"column":1}},"loc":{"start":{"line":4,"column":15},"end":{"line":13,"column":1}},"line":4}},"f":{"0":3}}
,"/Users/2021-x0096/Sync/Hack/frontendweekly/11ty/_postcss/postcss.11ty.js": {"path":"/Users/2021-x0096/Sync/Hack/frontendweekly/11ty/_postcss/postcss.11ty.js","all":false,"statementMap":{"0":{"start":{"line":1,"column":0},"end":{"line":1,"column":63}},"1":{"start":{"line":2,"column":0},"end":{"line":2,"column":58}},"2":{"start":{"line":3,"column":0},"end":{"line":3,"column":60}},"4":{"start":{"line":5,"column":0},"end":{"line":5,"column":22}},"5":{"start":{"line":6,"column":0},"end":{"line":6,"column":16}},"6":{"start":{"line":7,"column":0},"end":{"line":7,"column":22}},"7":{"start":{"line":8,"column":0},"end":{"line":8,"column":27}},"8":{"start":{"line":9,"column":0},"end":{"line":9,"column":22}},"9":{"start":{"line":10,"column":0},"end":{"line":10,"column":6}},"10":{"start":{"line":11,"column":0},"end":{"line":11,"column":34}},"11":{"start":{"line":12,"column":0},"end":{"line":12,"column":54}},"12":{"start":{"line":13,"column":0},"end":{"line":13,"column":29}},"13":{"start":{"line":14,"column":0},"end":{"line":14,"column":6}},"14":{"start":{"line":15,"column":0},"end":{"line":15,"column":67}},"15":{"start":{"line":16,"column":0},"end":{"line":16,"column":85}},"16":{"start":{"line":17,"column":0},"end":{"line":17,"column":59}},"17":{"start":{"line":18,"column":0},"end":{"line":18,"column":12}},"18":{"start":{"line":19,"column":0},"end":{"line":19,"column":49}},"19":{"start":{"line":20,"column":0},"end":{"line":20,"column":43}},"20":{"start":{"line":21,"column":0},"end":{"line":21,"column":18}},"21":{"start":{"line":22,"column":0},"end":{"line":22,"column":45}},"22":{"start":{"line":23,"column":0},"end":{"line":23,"column":14}},"23":{"start":{"line":24,"column":0},"end":{"line":24,"column":14}},"24":{"start":{"line":25,"column":0},"end":{"line":25,"column":6}},"25":{"start":{"line":26,"column":0},"end":{"line":26,"column":3}},"27":{"start":{"line":28,"column":0},"end":{"line":28,"column":59}},"28":{"start":{"line":29,"column":0},"end":{"line":29,"column":27}},"29":{"start":{"line":30,"column":0},"end":{"line":30,"column":24}},"30":{"start":{"line":31,"column":0},"end":{"line":31,"column":19}},"31":{"start":{"line":32,"column":0},"end":{"line":32,"column":26}},"32":{"start":{"line":33,"column":0},"end":{"line":33,"column":8}},"33":{"start":{"line":34,"column":0},"end":{"line":34,"column":36}},"34":{"start":{"line":35,"column":0},"end":{"line":35,"column":3}},"35":{"start":{"line":36,"column":0},"end":{"line":36,"column":1}}},"s":{"0":1,"1":1,"2":1,"4":1,"5":1,"6":7,"7":7,"8":7,"9":7,"10":7,"11":7,"12":7,"13":7,"14":7,"15":7,"16":7,"17":6,"18":6,"19":6,"20":6,"21":7,"22":5,"23":5,"24":5,"25":7,"27":1,"28":8,"29":8,"30":8,"31":8,"32":8,"33":8,"34":8,"35":1},"branchMap":{"0":{"type":"branch","line":6,"loc":{"start":{"line":6,"column":2},"end":{"line":26,"column":3}},"locations":[{"start":{"line":6,"column":2},"end":{"line":26,"column":3}}]},"1":{"type":"branch","line":17,"loc":{"start":{"line":17,"column":58},"end":{"line":22,"column":44}},"locations":[{"start":{"line":17,"column":58},"end":{"line":22,"column":44}}]},"2":{"type":"branch","line":22,"loc":{"start":{"line":22,"column":44},"end":{"line":26,"column":2}},"locations":[{"start":{"line":22,"column":44},"end":{"line":26,"column":2}}]},"3":{"type":"branch","line":28,"loc":{"start":{"line":28,"column":2},"end":{"line":35,"column":3}},"locations":[{"start":{"line":28,"column":2},"end":{"line":35,"column":3}}]}},"b":{"0":[7],"1":[6],"2":[5],"3":[8]},"fnMap":{"0":{"name":"data","decl":{"start":{"line":6,"column":2},"end":{"line":26,"column":3}},"loc":{"start":{"line":6,"column":2},"end":{"line":26,"column":3}},"line":6},"1":{"name":"render","decl":{"start":{"line":28,"column":2},"end":{"line":35,"column":3}},"loc":{"start":{"line":28,"column":2},"end":{"line":35,"column":3}},"line":28}},"f":{"0":7,"1":8}}
,"/Users/2021-x0096/Sync/Hack/frontendweekly/11ty/_transform/transform-enhance-post-code-block.js": {"path":"/Users/2021-x0096/Sync/Hack/frontendweekly/11ty/_transform/transform-enhance-post-code-block.js","all":false,"statementMap":{"0":{"start":{"line":1,"column":0},"end":{"line":1,"column":47}},"1":{"start":{"line":2,"column":0},"end":{"line":2,"column":38}},"2":{"start":{"line":3,"column":0},"end":{"line":3,"column":27}},"3":{"start":{"line":4,"column":0},"end":{"line":4,"column":71}},"4":{"start":{"line":5,"column":0},"end":{"line":5,"column":31}},"5":{"start":{"line":6,"column":0},"end":{"line":6,"column":94}},"6":{"start":{"line":7,"column":0},"end":{"line":7,"column":7}},"7":{"start":{"line":8,"column":0},"end":{"line":8,"column":6}},"8":{"start":{"line":9,"column":0},"end":{"line":9,"column":3}},"9":{"start":{"line":10,"column":0},"end":{"line":10,"column":17}},"10":{"start":{"line":11,"column":0},"end":{"line":11,"column":1}}},"s":{"0":1,"1":2,"2":1,"3":1,"4":1,"5":1,"6":1,"7":1,"8":1,"9":1,"10":1},"branchMap":{"0":{"type":"branch","line":1,"loc":{"start":{"line":1,"column":15},"end":{"line":11,"column":1}},"locations":[{"start":{"line":1,"column":15},"end":{"line":11,"column":1}}]},"1":{"type":"branch","line":2,"loc":{"start":{"line":2,"column":37},"end":{"line":11,"column":1}},"locations":[{"start":{"line":2,"column":37},"end":{"line":11,"column":1}}]},"2":{"type":"branch","line":5,"loc":{"start":{"line":5,"column":6},"end":{"line":7,"column":7}},"locations":[{"start":{"line":5,"column":6},"end":{"line":7,"column":7}}]}},"b":{"0":[2],"1":[1],"2":[1]},"fnMap":{"0":{"name":"__vite_ssr_export_default__","decl":{"start":{"line":1,"column":15},"end":{"line":11,"column":1}},"loc":{"start":{"line":1,"column":15},"end":{"line":11,"column":1}},"line":1}},"f":{"0":2}}
,"/Users/2021-x0096/Sync/Hack/frontendweekly/11ty/_transform/transform-enhance-post-iframe.js": {"path":"/Users/2021-x0096/Sync/Hack/frontendweekly/11ty/_transform/transform-enhance-post-iframe.js","all":false,"statementMap":{"0":{"start":{"line":1,"column":0},"end":{"line":1,"column":47}},"1":{"start":{"line":2,"column":0},"end":{"line":2,"column":38}},"2":{"start":{"line":3,"column":0},"end":{"line":3,"column":67}},"3":{"start":{"line":4,"column":0},"end":{"line":4,"column":3}},"4":{"start":{"line":5,"column":0},"end":{"line":5,"column":17}},"5":{"start":{"line":6,"column":0},"end":{"line":6,"column":1}}},"s":{"0":1,"1":2,"2":1,"3":1,"4":1,"5":1},"branchMap":{"0":{"type":"branch","line":1,"loc":{"start":{"line":1,"column":15},"end":{"line":6,"column":1}},"locations":[{"start":{"line":1,"column":15},"end":{"line":6,"column":1}}]},"1":{"type":"branch","line":2,"loc":{"start":{"line":2,"column":37},"end":{"line":6,"column":1}},"locations":[{"start":{"line":2,"column":37},"end":{"line":6,"column":1}}]}},"b":{"0":[2],"1":[1]},"fnMap":{"0":{"name":"__vite_ssr_export_default__","decl":{"start":{"line":1,"column":15},"end":{"line":6,"column":1}},"loc":{"start":{"line":1,"column":15},"end":{"line":6,"column":1}},"line":1}},"f":{"0":2}}
,"/Users/2021-x0096/Sync/Hack/frontendweekly/11ty/_transform/transform-htmlmin.js": {"path":"/Users/2021-x0096/Sync/Hack/frontendweekly/11ty/_transform/transform-htmlmin.js","all":false,"statementMap":{"0":{"start":{"line":1,"column":0},"end":{"line":1,"column":77}},"2":{"start":{"line":3,"column":0},"end":{"line":3,"column":53}},"3":{"start":{"line":4,"column":0},"end":{"line":4,"column":38}},"4":{"start":{"line":5,"column":0},"end":{"line":5,"column":42}},"5":{"start":{"line":6,"column":0},"end":{"line":6,"column":39}},"6":{"start":{"line":7,"column":0},"end":{"line":7,"column":27}},"7":{"start":{"line":8,"column":0},"end":{"line":8,"column":23}},"8":{"start":{"line":9,"column":0},"end":{"line":9,"column":7}},"9":{"start":{"line":10,"column":0},"end":{"line":10,"column":3}},"10":{"start":{"line":11,"column":0},"end":{"line":11,"column":17}},"11":{"start":{"line":12,"column":0},"end":{"line":12,"column":1}}},"s":{"0":1,"2":1,"3":2,"4":1,"5":1,"6":1,"7":1,"8":1,"9":1,"10":1,"11":1},"branchMap":{"0":{"type":"branch","line":3,"loc":{"start":{"line":3,"column":15},"end":{"line":12,"column":1}},"locations":[{"start":{"line":3,"column":15},"end":{"line":12,"column":1}}]},"1":{"type":"branch","line":4,"loc":{"start":{"line":4,"column":37},"end":{"line":12,"column":1}},"locations":[{"start":{"line":4,"column":37},"end":{"line":12,"column":1}}]}},"b":{"0":[2],"1":[1]},"fnMap":{"0":{"name":"__vite_ssr_export_default__","decl":{"start":{"line":3,"column":15},"end":{"line":12,"column":1}},"loc":{"start":{"line":3,"column":15},"end":{"line":12,"column":1}},"line":3}},"f":{"0":2}}
,"/Users/2021-x0096/Sync/Hack/frontendweekly/functions/deploy-succeeded.js": {"path":"/Users/2021-x0096/Sync/Hack/frontendweekly/functions/deploy-succeeded.js","all":false,"statementMap":{"0":{"start":{"line":1,"column":0},"end":{"line":1,"column":86}},"1":{"start":{"line":2,"column":0},"end":{"line":2,"column":58}},"2":{"start":{"line":3,"column":0},"end":{"line":3,"column":54}},"3":{"start":{"line":4,"column":0},"end":{"line":4,"column":76}},"5":{"start":{"line":6,"column":0},"end":{"line":6,"column":16}},"7":{"start":{"line":8,"column":0},"end":{"line":8,"column":24}},"8":{"start":{"line":9,"column":0},"end":{"line":9,"column":58}},"10":{"start":{"line":11,"column":0},"end":{"line":11,"column":33}},"11":{"start":{"line":12,"column":0},"end":{"line":12,"column":36}},"12":{"start":{"line":13,"column":0},"end":{"line":13,"column":25}},"13":{"start":{"line":14,"column":0},"end":{"line":14,"column":45}},"14":{"start":{"line":15,"column":0},"end":{"line":15,"column":51}},"15":{"start":{"line":16,"column":0},"end":{"line":16,"column":54}},"16":{"start":{"line":17,"column":0},"end":{"line":17,"column":58}},"17":{"start":{"line":18,"column":0},"end":{"line":18,"column":5}},"18":{"start":{"line":19,"column":0},"end":{"line":19,"column":1}},"20":{"start":{"line":21,"column":0},"end":{"line":21,"column":43}},"21":{"start":{"line":22,"column":0},"end":{"line":22,"column":37}},"22":{"start":{"line":23,"column":0},"end":{"line":23,"column":21}},"23":{"start":{"line":24,"column":0},"end":{"line":24,"column":64}},"24":{"start":{"line":25,"column":0},"end":{"line":25,"column":10}},"25":{"start":{"line":26,"column":0},"end":{"line":26,"column":20}},"26":{"start":{"line":27,"column":0},"end":{"line":27,"column":22}},"27":{"start":{"line":28,"column":0},"end":{"line":28,"column":4}},"28":{"start":{"line":29,"column":0},"end":{"line":29,"column":2}},"30":{"start":{"line":31,"column":0},"end":{"line":31,"column":44}},"31":{"start":{"line":32,"column":0},"end":{"line":32,"column":38}},"32":{"start":{"line":33,"column":0},"end":{"line":33,"column":19}},"33":{"start":{"line":34,"column":0},"end":{"line":34,"column":10}},"34":{"start":{"line":35,"column":0},"end":{"line":35,"column":21}},"35":{"start":{"line":36,"column":0},"end":{"line":36,"column":14}},"36":{"start":{"line":37,"column":0},"end":{"line":37,"column":4}},"37":{"start":{"line":38,"column":0},"end":{"line":38,"column":2}},"39":{"start":{"line":40,"column":0},"end":{"line":40,"column":23}},"40":{"start":{"line":41,"column":0},"end":{"line":41,"column":55}},"41":{"start":{"line":42,"column":0},"end":{"line":42,"column":32}},"42":{"start":{"line":43,"column":0},"end":{"line":43,"column":28}},"44":{"start":{"line":45,"column":0},"end":{"line":45,"column":22}},"45":{"start":{"line":46,"column":0},"end":{"line":46,"column":53}},"46":{"start":{"line":47,"column":0},"end":{"line":47,"column":3}},"48":{"start":{"line":49,"column":0},"end":{"line":49,"column":47}},"49":{"start":{"line":50,"column":0},"end":{"line":50,"column":30}},"51":{"start":{"line":52,"column":0},"end":{"line":52,"column":52}},"53":{"start":{"line":54,"column":0},"end":{"line":54,"column":7}},"54":{"start":{"line":55,"column":0},"end":{"line":55,"column":76}},"55":{"start":{"line":56,"column":0},"end":{"line":56,"column":48}},"56":{"start":{"line":57,"column":0},"end":{"line":57,"column":71}},"57":{"start":{"line":58,"column":0},"end":{"line":58,"column":4}},"58":{"start":{"line":59,"column":0},"end":{"line":59,"column":64}},"59":{"start":{"line":60,"column":0},"end":{"line":60,"column":57}},"60":{"start":{"line":61,"column":0},"end":{"line":61,"column":5}},"61":{"start":{"line":62,"column":0},"end":{"line":62,"column":62}},"62":{"start":{"line":63,"column":0},"end":{"line":63,"column":81}},"63":{"start":{"line":64,"column":0},"end":{"line":64,"column":5}},"64":{"start":{"line":65,"column":0},"end":{"line":65,"column":60}},"65":{"start":{"line":66,"column":0},"end":{"line":66,"column":59}},"66":{"start":{"line":67,"column":0},"end":{"line":67,"column":17}},"67":{"start":{"line":68,"column":0},"end":{"line":68,"column":28}},"68":{"start":{"line":69,"column":0},"end":{"line":69,"column":3}},"69":{"start":{"line":70,"column":0},"end":{"line":70,"column":2}},"71":{"start":{"line":72,"column":0},"end":{"line":72,"column":46}},"72":{"start":{"line":73,"column":0},"end":{"line":73,"column":55}},"73":{"start":{"line":74,"column":0},"end":{"line":74,"column":29}},"74":{"start":{"line":75,"column":0},"end":{"line":75,"column":52}},"75":{"start":{"line":76,"column":0},"end":{"line":76,"column":44}},"76":{"start":{"line":77,"column":0},"end":{"line":77,"column":51}},"77":{"start":{"line":78,"column":0},"end":{"line":78,"column":22}},"78":{"start":{"line":79,"column":0},"end":{"line":79,"column":24}},"79":{"start":{"line":80,"column":0},"end":{"line":80,"column":18}},"80":{"start":{"line":81,"column":0},"end":{"line":81,"column":19}},"81":{"start":{"line":82,"column":0},"end":{"line":82,"column":20}},"82":{"start":{"line":83,"column":0},"end":{"line":83,"column":19}},"83":{"start":{"line":84,"column":0},"end":{"line":84,"column":15}},"84":{"start":{"line":85,"column":0},"end":{"line":85,"column":21}},"85":{"start":{"line":86,"column":0},"end":{"line":86,"column":17}},"86":{"start":{"line":87,"column":0},"end":{"line":87,"column":11}},"87":{"start":{"line":88,"column":0},"end":{"line":88,"column":14}},"89":{"start":{"line":90,"column":0},"end":{"line":90,"column":55}},"91":{"start":{"line":92,"column":0},"end":{"line":92,"column":47}},"92":{"start":{"line":93,"column":0},"end":{"line":93,"column":37}},"93":{"start":{"line":94,"column":0},"end":{"line":94,"column":58}},"94":{"start":{"line":95,"column":0},"end":{"line":95,"column":3}},"96":{"start":{"line":97,"column":0},"end":{"line":97,"column":37}},"97":{"start":{"line":98,"column":0},"end":{"line":98,"column":29}},"99":{"start":{"line":100,"column":0},"end":{"line":100,"column":19}},"100":{"start":{"line":101,"column":0},"end":{"line":101,"column":2}},"102":{"start":{"line":103,"column":0},"end":{"line":103,"column":29}},"103":{"start":{"line":104,"column":0},"end":{"line":104,"column":64}},"104":{"start":{"line":105,"column":0},"end":{"line":105,"column":7}},"105":{"start":{"line":106,"column":0},"end":{"line":106,"column":58}},"106":{"start":{"line":107,"column":0},"end":{"line":107,"column":53}},"107":{"start":{"line":108,"column":0},"end":{"line":108,"column":30}},"108":{"start":{"line":109,"column":0},"end":{"line":109,"column":79}},"109":{"start":{"line":110,"column":0},"end":{"line":110,"column":5}},"110":{"start":{"line":111,"column":0},"end":{"line":111,"column":56}},"111":{"start":{"line":112,"column":0},"end":{"line":112,"column":17}},"112":{"start":{"line":113,"column":0},"end":{"line":113,"column":28}},"113":{"start":{"line":114,"column":0},"end":{"line":114,"column":3}},"114":{"start":{"line":115,"column":0},"end":{"line":115,"column":2}},"116":{"start":{"line":117,"column":0},"end":{"line":117,"column":31}},"117":{"start":{"line":118,"column":0},"end":{"line":118,"column":33}},"118":{"start":{"line":119,"column":0},"end":{"line":119,"column":37}},"119":{"start":{"line":120,"column":0},"end":{"line":120,"column":24}},"120":{"start":{"line":121,"column":0},"end":{"line":121,"column":40}},"121":{"start":{"line":122,"column":0},"end":{"line":122,"column":50}},"122":{"start":{"line":123,"column":0},"end":{"line":123,"column":24}},"123":{"start":{"line":124,"column":0},"end":{"line":124,"column":1}}},"s":{"0":1,"1":1,"2":1,"3":1,"5":1,"7":1,"8":1,"10":1,"11":1,"12":10,"13":10,"14":10,"15":10,"16":10,"17":10,"18":10,"20":1,"21":1,"22":6,"23":6,"24":6,"25":6,"26":6,"27":6,"28":6,"30":1,"31":1,"32":11,"33":11,"34":11,"35":11,"36":11,"37":11,"39":1,"40":1,"41":12,"42":12,"44":12,"45":2,"46":2,"48":10,"49":10,"51":10,"53":10,"54":10,"55":10,"56":10,"57":8,"58":12,"59":4,"60":4,"61":12,"62":2,"63":2,"64":2,"65":2,"66":2,"67":2,"68":2,"69":12,"71":1,"72":1,"73":7,"74":7,"75":7,"76":7,"77":7,"78":7,"79":7,"80":7,"81":7,"82":7,"83":7,"84":7,"85":7,"86":7,"87":7,"89":7,"91":7,"92":7,"93":0,"94":0,"96":7,"97":7,"99":7,"100":7,"102":1,"103":1,"104":7,"105":7,"106":7,"107":7,"108":3,"109":3,"110":2,"111":2,"112":2,"113":2,"114":7,"116":1,"117":1,"118":9,"119":9,"120":9,"121":9,"122":9,"123":9},"branchMap":{"0":{"type":"branch","line":12,"loc":{"start":{"line":12,"column":7},"end":{"line":19,"column":1}},"locations":[{"start":{"line":12,"column":7},"end":{"line":19,"column":1}}]},"1":{"type":"branch","line":22,"loc":{"start":{"line":22,"column":27},"end":{"line":29,"column":2}},"locations":[{"start":{"line":22,"column":27},"end":{"line":29,"column":2}}]},"2":{"type":"branch","line":24,"loc":{"start":{"line":24,"column":33},"end":{"line":24,"column":49}},"locations":[{"start":{"line":24,"column":33},"end":{"line":24,"column":49}}]},"3":{"type":"branch","line":32,"loc":{"start":{"line":32,"column":22},"end":{"line":38,"column":2}},"locations":[{"start":{"line":32,"column":22},"end":{"line":38,"column":2}}]},"4":{"type":"branch","line":41,"loc":{"start":{"line":41,"column":28},"end":{"line":70,"column":2}},"locations":[{"start":{"line":41,"column":28},"end":{"line":70,"column":2}}]},"5":{"type":"branch","line":45,"loc":{"start":{"line":45,"column":21},"end":{"line":47,"column":3}},"locations":[{"start":{"line":45,"column":21},"end":{"line":47,"column":3}}]},"6":{"type":"branch","line":47,"loc":{"start":{"line":47,"column":2},"end":{"line":57,"column":71}},"locations":[{"start":{"line":47,"column":2},"end":{"line":57,"column":71}}]},"7":{"type":"branch","line":57,"loc":{"start":{"line":57,"column":70},"end":{"line":59,"column":27}},"locations":[{"start":{"line":57,"column":70},"end":{"line":59,"column":27}}]},"8":{"type":"branch","line":59,"loc":{"start":{"line":59,"column":27},"end":{"line":59,"column":61}},"locations":[{"start":{"line":59,"column":27},"end":{"line":59,"column":61}}]},"9":{"type":"branch","line":59,"loc":{"start":{"line":59,"column":63},"end":{"line":62,"column":27}},"locations":[{"start":{"line":59,"column":63},"end":{"line":62,"column":27}}]},"10":{"type":"branch","line":62,"loc":{"start":{"line":62,"column":27},"end":{"line":62,"column":59}},"locations":[{"start":{"line":62,"column":27},"end":{"line":62,"column":59}}]},"11":{"type":"branch","line":62,"loc":{"start":{"line":62,"column":61},"end":{"line":69,"column":3}},"locations":[{"start":{"line":62,"column":61},"end":{"line":69,"column":3}}]},"12":{"type":"branch","line":73,"loc":{"start":{"line":73,"column":33},"end":{"line":101,"column":2}},"locations":[{"start":{"line":73,"column":33},"end":{"line":101,"column":2}}]},"13":{"type":"branch","line":93,"loc":{"start":{"line":93,"column":36},"end":{"line":95,"column":3}},"locations":[{"start":{"line":93,"column":36},"end":{"line":95,"column":3}}]},"14":{"type":"branch","line":104,"loc":{"start":{"line":104,"column":27},"end":{"line":115,"column":2}},"locations":[{"start":{"line":104,"column":27},"end":{"line":115,"column":2}}]},"15":{"type":"branch","line":107,"loc":{"start":{"line":107,"column":52},"end":{"line":108,"column":14}},"locations":[{"start":{"line":107,"column":52},"end":{"line":108,"column":14}}]},"16":{"type":"branch","line":108,"loc":{"start":{"line":108,"column":14},"end":{"line":108,"column":27}},"locations":[{"start":{"line":108,"column":14},"end":{"line":108,"column":27}}]},"17":{"type":"branch","line":108,"loc":{"start":{"line":108,"column":29},"end":{"line":110,"column":5}},"locations":[{"start":{"line":108,"column":29},"end":{"line":110,"column":5}}]},"18":{"type":"branch","line":110,"loc":{"start":{"line":110,"column":4},"end":{"line":114,"column":3}},"locations":[{"start":{"line":110,"column":4},"end":{"line":114,"column":3}}]},"19":{"type":"branch","line":118,"loc":{"start":{"line":118,"column":7},"end":{"line":124,"column":1}},"locations":[{"start":{"line":118,"column":7},"end":{"line":124,"column":1}}]},"20":{"type":"branch","line":121,"loc":{"start":{"line":121,"column":10},"end":{"line":121,"column":39}},"locations":[{"start":{"line":121,"column":10},"end":{"line":121,"column":39}}]},"21":{"type":"branch","line":122,"loc":{"start":{"line":122,"column":10},"end":{"line":122,"column":49}},"locations":[{"start":{"line":122,"column":10},"end":{"line":122,"column":49}}]}},"b":{"0":[10],"1":[6],"2":[0],"3":[11],"4":[12],"5":[2],"6":[10],"7":[8],"8":[6],"9":[4],"10":[2],"11":[2],"12":[7],"13":[0],"14":[7],"15":[5],"16":[3],"17":[3],"18":[2],"19":[9],"20":[8],"21":[7]},"fnMap":{"0":{"name":"getTwitterClient","decl":{"start":{"line":12,"column":7},"end":{"line":19,"column":1}},"loc":{"start":{"line":12,"column":7},"end":{"line":19,"column":1}},"line":12},"1":{"name":"handleError","decl":{"start":{"line":22,"column":27},"end":{"line":29,"column":2}},"loc":{"start":{"line":22,"column":27},"end":{"line":29,"column":2}},"line":22},"2":{"name":"status","decl":{"start":{"line":32,"column":22},"end":{"line":38,"column":2}},"loc":{"start":{"line":32,"column":22},"end":{"line":38,"column":2}},"line":32},"3":{"name":"processPosts","decl":{"start":{"line":41,"column":28},"end":{"line":70,"column":2}},"loc":{"start":{"line":41,"column":28},"end":{"line":70,"column":2}},"line":41},"4":{"name":"prepareStatusText","decl":{"start":{"line":73,"column":33},"end":{"line":101,"column":2}},"loc":{"start":{"line":73,"column":33},"end":{"line":101,"column":2}},"line":73},"5":{"name":"publishPost","decl":{"start":{"line":104,"column":27},"end":{"line":115,"column":2}},"loc":{"start":{"line":104,"column":27},"end":{"line":115,"column":2}},"line":104},"6":{"name":"handler","decl":{"start":{"line":118,"column":7},"end":{"line":124,"column":1}},"loc":{"start":{"line":118,"column":7},"end":{"line":124,"column":1}},"line":118}},"f":{"0":10,"1":6,"2":11,"3":12,"4":7,"5":7,"6":9}}
}
